<?xml version="1.0" encoding="UTF-8"?>
<!-- Generated by org.testng.reporters.JUnitXMLReporter -->
<testsuite ignored="0" hostname="Akhil-Bingi-Macbook.local" failures="9" tests="10" name="Test" time="70.088" errors="0" timestamp="2021-04-05T19:34:24 EDT">
  <testcase classname="E2EProjectCopy.CalendarAppCopy.regPageValidation" name="invokingRegistrationPage" time="5.476">
    <failure type="java.lang.AssertionError" message="The test case failed as the user could not be able to register expected [true] but found [false]">
      <![CDATA[java.lang.AssertionError: The test case failed as the user could not be able to register expected [true] but found [false]
at E2EProjectCopy.CalendarAppCopy.regPageValidation.invokingRegistrationPage(regPageValidation.java:72)
at java.base/java.util.ArrayList.forEach(ArrayList.java:1511)
... Removed 30 stack frames]]>
    </failure>
  </testcase> <!-- invokingRegistrationPage -->
  <testcase classname="E2EProjectCopy.CalendarAppCopy.regPageValidation" name="invokingRegistrationPage" time="5.403">
    <failure type="java.lang.AssertionError" message="The test case failed as the user could not be able to register expected [true] but found [false]">
      <![CDATA[java.lang.AssertionError: The test case failed as the user could not be able to register expected [true] but found [false]
at E2EProjectCopy.CalendarAppCopy.regPageValidation.invokingRegistrationPage(regPageValidation.java:72)
at java.base/java.util.ArrayList.forEach(ArrayList.java:1511)
... Removed 30 stack frames]]>
    </failure>
  </testcase> <!-- invokingRegistrationPage -->
  <testcase classname="E2EProjectCopy.CalendarAppCopy.regPageValidation" name="invokingRegistrationPage" time="3.581">
    <failure type="java.lang.AssertionError" message="The test case failed as the user could not be able to register expected [true] but found [false]">
      <![CDATA[java.lang.AssertionError: The test case failed as the user could not be able to register expected [true] but found [false]
at E2EProjectCopy.CalendarAppCopy.regPageValidation.invokingRegistrationPage(regPageValidation.java:72)
at java.base/java.util.ArrayList.forEach(ArrayList.java:1511)
... Removed 30 stack frames]]>
    </failure>
  </testcase> <!-- invokingRegistrationPage -->
  <testcase classname="E2EProjectCopy.CalendarAppCopy.regPageValidation" name="invokingRegistrationPage" time="6.074">
    <failure type="java.lang.AssertionError" message="The test case failed as the user could not be able to register expected [true] but found [false]">
      <![CDATA[java.lang.AssertionError: The test case failed as the user could not be able to register expected [true] but found [false]
at E2EProjectCopy.CalendarAppCopy.regPageValidation.invokingRegistrationPage(regPageValidation.java:72)
at java.base/java.util.ArrayList.forEach(ArrayList.java:1511)
... Removed 30 stack frames]]>
    </failure>
  </testcase> <!-- invokingRegistrationPage -->
  <testcase classname="E2EProjectCopy.CalendarAppCopy.regPageValidation" name="invokingRegistrationPage" time="3.803">
    <failure type="java.lang.AssertionError" message="The test case failed as the user could not be able to register expected [true] but found [false]">
      <![CDATA[java.lang.AssertionError: The test case failed as the user could not be able to register expected [true] but found [false]
at E2EProjectCopy.CalendarAppCopy.regPageValidation.invokingRegistrationPage(regPageValidation.java:72)
at java.base/java.util.ArrayList.forEach(ArrayList.java:1511)
... Removed 30 stack frames]]>
    </failure>
  </testcase> <!-- invokingRegistrationPage -->
  <testcase classname="E2EProjectCopy.CalendarAppCopy.regPageValidation" name="invokingRegistrationPage" time="3.593">
    <failure type="java.lang.AssertionError" message="The test case failed as the user could not be able to register expected [true] but found [false]">
      <![CDATA[java.lang.AssertionError: The test case failed as the user could not be able to register expected [true] but found [false]
at E2EProjectCopy.CalendarAppCopy.regPageValidation.invokingRegistrationPage(regPageValidation.java:72)
at java.base/java.util.ArrayList.forEach(ArrayList.java:1511)
... Removed 30 stack frames]]>
    </failure>
  </testcase> <!-- invokingRegistrationPage -->
  <testcase classname="E2EProjectCopy.CalendarAppCopy.regPageValidation" name="invokingRegistrationPage" time="4.192">
    <failure type="java.lang.AssertionError" message="The test case failed as the user could not be able to register expected [true] but found [false]">
      <![CDATA[java.lang.AssertionError: The test case failed as the user could not be able to register expected [true] but found [false]
at E2EProjectCopy.CalendarAppCopy.regPageValidation.invokingRegistrationPage(regPageValidation.java:72)
at java.base/java.util.ArrayList.forEach(ArrayList.java:1511)
... Removed 30 stack frames]]>
    </failure>
  </testcase> <!-- invokingRegistrationPage -->
  <testcase classname="E2EProjectCopy.CalendarAppCopy.regPageValidation" name="invokingRegistrationPage" time="4.693">
    <failure type="java.lang.AssertionError" message="The test case failed as the user could not be able to register expected [true] but found [false]">
      <![CDATA[java.lang.AssertionError: The test case failed as the user could not be able to register expected [true] but found [false]
at E2EProjectCopy.CalendarAppCopy.regPageValidation.invokingRegistrationPage(regPageValidation.java:72)
at java.base/java.util.ArrayList.forEach(ArrayList.java:1511)
... Removed 30 stack frames]]>
    </failure>
  </testcase> <!-- invokingRegistrationPage -->
  <testcase classname="E2EProjectCopy.CalendarAppCopy.LoginValidation" name="invokingLoginPage" time="9.149"/>
  <testcase classname="E2EProjectCopy.CalendarAppCopy.LoginValidation" name="invokingLoginPage" time="16.392">
    <failure type="org.openqa.selenium.NoSuchElementException" message="no such element: Unable to locate element: {&amp;quot;method&amp;quot;:&amp;quot;xpath&amp;quot;,&amp;quot;selector&amp;quot;:&amp;quot;//td[starts-with(@class,&amp;apos;active&amp;apos;)]&amp;quot;}
  (Session info: chrome=89.0.4389.114)
For documentation on this error, please visit: https://www.seleniumhq.org/exceptions/no_such_element.html
Build info: version: &amp;apos;3.141.59&amp;apos;, revision: &amp;apos;e82be7d358&amp;apos;, time: &amp;apos;2018-11-14T08:17:03&amp;apos;
System info: host: &amp;apos;Akhil-Bingi-Macbook.local&amp;apos;, ip: &amp;apos;2607:fa49:2a3f:7c00:0:0:0:d71b%en0&amp;apos;, os.name: &amp;apos;Mac OS X&amp;apos;, os.arch: &amp;apos;x86_64&amp;apos;, os.version: &amp;apos;10.15.4&amp;apos;, java.version: &amp;apos;15.0.1&amp;apos;
Driver info: org.openqa.selenium.chrome.ChromeDriver
Capabilities {acceptInsecureCerts: false, browserName: chrome, browserVersion: 89.0.4389.114, chrome: {chromedriverVersion: 88.0.4324.96 (68dba2d8a0b14..., userDataDir: /var/folders/3z/f2jc2dfn3xx...}, goog:chromeOptions: {debuggerAddress: localhost:57782}, javascriptEnabled: true, networkConnectionEnabled: false, pageLoadStrategy: normal, platform: MAC, platformName: MAC, proxy: Proxy(), setWindowRect: true, strictFileInteractability: false, timeouts: {implicit: 0, pageLoad: 300000, script: 30000}, unhandledPromptBehavior: dismiss and notify, webauthn:extension:largeBlob: true, webauthn:virtualAuthenticators: true}
Session ID: 56601973335c482e2fae1a09aaf0a0d5
*** Element info: {Using=xpath, value=//td[starts-with(@class,&amp;apos;active&amp;apos;)]}">
      <![CDATA[org.openqa.selenium.NoSuchElementException: no such element: Unable to locate element: {"method":"xpath","selector":"//td[starts-with(@class,'active')]"}
  (Session info: chrome=89.0.4389.114)
For documentation on this error, please visit: https://www.seleniumhq.org/exceptions/no_such_element.html
Build info: version: '3.141.59', revision: 'e82be7d358', time: '2018-11-14T08:17:03'
System info: host: 'Akhil-Bingi-Macbook.local', ip: '2607:fa49:2a3f:7c00:0:0:0:d71b%en0', os.name: 'Mac OS X', os.arch: 'x86_64', os.version: '10.15.4', java.version: '15.0.1'
Driver info: org.openqa.selenium.chrome.ChromeDriver
Capabilities {acceptInsecureCerts: false, browserName: chrome, browserVersion: 89.0.4389.114, chrome: {chromedriverVersion: 88.0.4324.96 (68dba2d8a0b14..., userDataDir: /var/folders/3z/f2jc2dfn3xx...}, goog:chromeOptions: {debuggerAddress: localhost:57782}, javascriptEnabled: true, networkConnectionEnabled: false, pageLoadStrategy: normal, platform: MAC, platformName: MAC, proxy: Proxy(), setWindowRect: true, strictFileInteractability: false, timeouts: {implicit: 0, pageLoad: 300000, script: 30000}, unhandledPromptBehavior: dismiss and notify, webauthn:extension:largeBlob: true, webauthn:virtualAuthenticators: true}
Session ID: 56601973335c482e2fae1a09aaf0a0d5
*** Element info: {Using=xpath, value=//td[starts-with(@class,'active')]}
at org.openqa.selenium.remote.http.W3CHttpResponseCodec.createException(W3CHttpResponseCodec.java:187)
at org.openqa.selenium.remote.http.W3CHttpResponseCodec.decode(W3CHttpResponseCodec.java:122)
at org.openqa.selenium.remote.http.W3CHttpResponseCodec.decode(W3CHttpResponseCodec.java:49)
at org.openqa.selenium.remote.HttpCommandExecutor.execute(HttpCommandExecutor.java:158)
at org.openqa.selenium.remote.service.DriverCommandExecutor.execute(DriverCommandExecutor.java:83)
at org.openqa.selenium.remote.RemoteWebDriver.execute(RemoteWebDriver.java:552)
at org.openqa.selenium.remote.RemoteWebDriver.findElement(RemoteWebDriver.java:323)
at org.openqa.selenium.remote.RemoteWebDriver.findElementByXPath(RemoteWebDriver.java:428)
at org.openqa.selenium.By$ByXPath.findElement(By.java:353)
at org.openqa.selenium.remote.RemoteWebDriver.findElement(RemoteWebDriver.java:315)
at E2EProjectCopy.CalendarAppCopy.loginPage.getCurrDate(loginPage.java:59)
at E2EProjectCopy.CalendarAppCopy.LoginValidation.invokingLoginPage(LoginValidation.java:84)
at java.base/java.util.ArrayList.forEach(ArrayList.java:1511)
... Removed 32 stack frames]]>
    </failure>
  </testcase> <!-- invokingLoginPage -->
</testsuite> <!-- Test -->
